<?xml version="1.0" encoding="UTF-8"?>
<testng-results ignored="0" total="1" passed="1" failed="0" skipped="0">
  <reporter-output>
  </reporter-output>
  <suite started-at="2022-02-02T08:34:43 IST" name="testCases.TC1_loginPage" finished-at="2022-02-02T08:35:12 IST" duration-ms="28751">
    <groups>
    </groups>
    <test started-at="2022-02-02T08:34:43 IST" name="Command line test" finished-at="2022-02-02T08:35:12 IST" duration-ms="28751">
      <class name="testCases.TC1_loginPage">
        <test-method is-config="true" signature="InitiateDriverInstance()[pri:0, instance:testCases.TC1_loginPage@157632c9]" started-at="2022-02-02T08:34:43 IST" name="InitiateDriverInstance" finished-at="2022-02-02T08:35:00 IST" duration-ms="16836" status="PASS">
          <reporter-output>
          </reporter-output>
        </test-method> <!-- InitiateDriverInstance -->
        <test-method signature="validateLogin()[pri:1, instance:testCases.TC1_loginPage@157632c9]" started-at="2022-02-02T08:35:00 IST" name="validateLogin" finished-at="2022-02-02T08:35:10 IST" duration-ms="10416" status="PASS">
          <reporter-output>
          </reporter-output>
        </test-method> <!-- validateLogin -->
        <test-method is-config="true" signature="closeInstance(org.testng.ITestResult)[pri:0, instance:testCases.TC1_loginPage@157632c9]" started-at="2022-02-02T08:35:10 IST" name="closeInstance" finished-at="2022-02-02T08:35:12 IST" duration-ms="1434" status="PASS">
          <params>
            <param index="0">
              <value>
                <![CDATA[[TestResult name=validateLogin status=SUCCESS method=TC1_loginPage.validateLogin()[pri:1, instance:testCases.TC1_loginPage@157632c9] output={null}]]]>
              </value>
            </param>
          </params>
          <reporter-output>
          </reporter-output>
        </test-method> <!-- closeInstance -->
      </class> <!-- testCases.TC1_loginPage -->
    </test> <!-- Command line test -->
  </suite> <!-- testCases.TC1_loginPage -->
</testng-results>
